<component name="libraryTable">
  <library name="JUnit5">
    <CLASSES>
      <root url="file://$PROJECT_DIR$/../../JUnit5.3" />
    </CLASSES>
    <JAVADOC />
    <SOURCES>
      <root url="file://$PROJECT_DIR$/../../JUnit5.3" />
    </SOURCES>
    <jarDirectory url="file://$PROJECT_DIR$/../../JUnit5.3" recursive="false" />
    <jarDirectory url="file://$PROJECT_DIR$/../../JUnit5.3" recursive="false" type="SOURCES" />
  </library>
</component>